[ 2024-11-26 22:50:27,622 ] 23 root - INFO - Data Ingestion constructor initaited
[ 2024-11-26 22:50:27,623 ] 23 root - INFO - Data ingestion started
[ 2024-11-26 22:50:27,623 ] 86 root - INFO - Calling data from mongo DB
[ 2024-11-26 22:50:29,073 ] 88 root - INFO - MongoDB data is loaded into to dataframe
[ 2024-11-26 22:50:29,074 ] 89 root - INFO - Raw data saving in featuer store is started
[ 2024-11-26 22:50:29,124 ] 91 root - INFO - Raw data is saved in feature store
[ 2024-11-26 22:50:29,124 ] 92 root - INFO - Train test split started
[ 2024-11-26 22:50:29,178 ] 94 root - INFO - Train test completed and train and test csv's saved in ingested store
[ 2024-11-26 22:50:29,178 ] 98 root - INFO - Train and test file path saved in the artifact
[ 2024-11-26 22:50:29,178 ] 26 root - INFO - Data ingestion Completed
[ 2024-11-26 22:50:29,192 ] 30 root - INFO - Data validation started
[ 2024-11-26 22:50:29,233 ] 40 root - INFO - required columns are 31
[ 2024-11-26 22:50:29,233 ] 41 root - INFO - dataframe has columns 31
[ 2024-11-26 22:50:29,233 ] 40 root - INFO - required columns are 31
[ 2024-11-26 22:50:29,233 ] 41 root - INFO - dataframe has columns 31
[ 2024-11-26 22:50:29,348 ] 33 root - INFO - Data validation completed
[ 2024-11-26 22:50:29,348 ] 25 root - INFO - Data Transfomation class is initiated with init constructor
[ 2024-11-26 22:50:29,348 ] 37 root - INFO - Data transformation started
[ 2024-11-26 22:50:29,348 ] 54 root - INFO - Initiate the data transformation with initiate function
[ 2024-11-26 22:50:29,388 ] 62 root - INFO - Input and target columns created for training dataframe
[ 2024-11-26 22:50:29,389 ] 68 root - INFO - Input and target columns craeted for test dataframe
[ 2024-11-26 22:50:29,398 ] 42 root - INFO - Saving into numpy array
[ 2024-11-26 22:50:29,401 ] 42 root - INFO - Saving into numpy array
[ 2024-11-26 22:50:29,402 ] 53 root - INFO - Preprocessor is saving into pickle object
[ 2024-11-26 22:50:29,406 ] 40 root - INFO - Data transformation completed
[ 2024-11-26 22:50:29,406 ] 45 root - INFO - Model training started
[ 2024-11-26 22:50:29,406 ] 75 root - INFO - Numpy array is loading
[ 2024-11-26 22:50:29,413 ] 75 root - INFO - Numpy array is loading
