[ 2024-11-26 10:47:29,967 ] 23 root - INFO - Data Ingestion constructor initaited
[ 2024-11-26 10:47:29,968 ] 22 root - INFO - Data ingestion started
[ 2024-11-26 10:47:29,968 ] 86 root - INFO - Calling data from mongo DB
[ 2024-11-26 10:47:32,327 ] 88 root - INFO - MongoDB data is loaded into to dataframe
[ 2024-11-26 10:47:32,327 ] 89 root - INFO - Raw data saving in featuer store is started
[ 2024-11-26 10:47:32,423 ] 91 root - INFO - Raw data is saved in feature store
[ 2024-11-26 10:47:32,423 ] 92 root - INFO - Train test split started
[ 2024-11-26 10:47:32,517 ] 94 root - INFO - Train test completed and train and test csv's saved in ingested store
[ 2024-11-26 10:47:32,517 ] 98 root - INFO - Train and test file path saved in the artifact
[ 2024-11-26 10:47:32,518 ] 25 root - INFO - Data ingestion Completed
[ 2024-11-26 10:47:32,527 ] 29 root - INFO - Data validation started
[ 2024-11-26 10:47:32,607 ] 40 root - INFO - required columns are 31
[ 2024-11-26 10:47:32,607 ] 41 root - INFO - dataframe has columns 31
[ 2024-11-26 10:47:32,607 ] 40 root - INFO - required columns are 31
[ 2024-11-26 10:47:32,608 ] 41 root - INFO - dataframe has columns 31
[ 2024-11-26 10:47:32,821 ] 32 root - INFO - Data validation completed
[ 2024-11-26 10:47:32,821 ] 25 root - INFO - Data Transfomation class is initiated with init constructor
[ 2024-11-26 10:47:32,821 ] 36 root - INFO - Data transformation started
[ 2024-11-26 10:47:32,821 ] 54 root - INFO - Initiate the data transformation with initiate function
[ 2024-11-26 10:47:32,890 ] 62 root - INFO - Input and target columns created for training dataframe
[ 2024-11-26 10:47:32,892 ] 68 root - INFO - Input and target columns craeted for test dataframe
[ 2024-11-26 10:47:32,904 ] 39 root - INFO - Saving into numpy array
[ 2024-11-26 10:47:32,908 ] 39 root - INFO - Saving into numpy array
[ 2024-11-26 10:47:32,910 ] 50 root - INFO - Preprocessor is saving into pickle object
[ 2024-11-26 10:47:32,916 ] 39 root - INFO - Data transformation completed
