[ 2024-11-26 22:52:08,530 ] 23 root - INFO - Data Ingestion constructor initaited
[ 2024-11-26 22:52:08,530 ] 23 root - INFO - Data ingestion started
[ 2024-11-26 22:52:08,530 ] 86 root - INFO - Calling data from mongo DB
[ 2024-11-26 22:52:09,953 ] 88 root - INFO - MongoDB data is loaded into to dataframe
[ 2024-11-26 22:52:09,953 ] 89 root - INFO - Raw data saving in featuer store is started
[ 2024-11-26 22:52:10,003 ] 91 root - INFO - Raw data is saved in feature store
[ 2024-11-26 22:52:10,003 ] 92 root - INFO - Train test split started
[ 2024-11-26 22:52:10,054 ] 94 root - INFO - Train test completed and train and test csv's saved in ingested store
[ 2024-11-26 22:52:10,062 ] 98 root - INFO - Train and test file path saved in the artifact
[ 2024-11-26 22:52:10,062 ] 26 root - INFO - Data ingestion Completed
[ 2024-11-26 22:52:10,068 ] 30 root - INFO - Data validation started
[ 2024-11-26 22:52:10,108 ] 40 root - INFO - required columns are 31
[ 2024-11-26 22:52:10,108 ] 41 root - INFO - dataframe has columns 31
[ 2024-11-26 22:52:10,108 ] 40 root - INFO - required columns are 31
[ 2024-11-26 22:52:10,108 ] 41 root - INFO - dataframe has columns 31
[ 2024-11-26 22:52:10,224 ] 33 root - INFO - Data validation completed
[ 2024-11-26 22:52:10,224 ] 25 root - INFO - Data Transfomation class is initiated with init constructor
[ 2024-11-26 22:52:10,224 ] 37 root - INFO - Data transformation started
[ 2024-11-26 22:52:10,224 ] 54 root - INFO - Initiate the data transformation with initiate function
[ 2024-11-26 22:52:10,265 ] 62 root - INFO - Input and target columns created for training dataframe
[ 2024-11-26 22:52:10,265 ] 68 root - INFO - Input and target columns craeted for test dataframe
[ 2024-11-26 22:52:10,273 ] 42 root - INFO - Saving into numpy array
[ 2024-11-26 22:52:10,275 ] 42 root - INFO - Saving into numpy array
[ 2024-11-26 22:52:10,277 ] 53 root - INFO - Preprocessor is saving into pickle object
[ 2024-11-26 22:52:10,280 ] 40 root - INFO - Data transformation completed
[ 2024-11-26 22:52:10,280 ] 45 root - INFO - Model training started
[ 2024-11-26 22:52:10,280 ] 75 root - INFO - Numpy array is loading
[ 2024-11-26 22:52:10,287 ] 75 root - INFO - Numpy array is loading
[ 2024-11-26 22:55:20,839 ] 64 root - INFO - pickle object is loading
[ 2024-11-26 22:55:20,850 ] 53 root - INFO - Preprocessor is saving into pickle object
[ 2024-11-26 22:55:20,930 ] 48 root - INFO - Model training completed
