[ 2024-11-26 10:41:14,014 ] 23 root - INFO - Data Ingestion constructor initaited
[ 2024-11-26 10:41:14,014 ] 22 root - INFO - Data ingestion started
[ 2024-11-26 10:41:14,014 ] 86 root - INFO - Calling data from mongo DB
[ 2024-11-26 10:41:17,273 ] 88 root - INFO - MongoDB data is loaded into to dataframe
[ 2024-11-26 10:41:17,274 ] 89 root - INFO - Raw data saving in featuer store is started
[ 2024-11-26 10:41:17,362 ] 91 root - INFO - Raw data is saved in feature store
[ 2024-11-26 10:41:17,363 ] 92 root - INFO - Train test split started
[ 2024-11-26 10:41:17,450 ] 94 root - INFO - Train test completed and train and test csv's saved in ingested store
[ 2024-11-26 10:41:17,451 ] 98 root - INFO - Train and test file path saved in the artifact
[ 2024-11-26 10:41:17,452 ] 25 root - INFO - Data ingestion Completed
[ 2024-11-26 10:41:17,462 ] 29 root - INFO - Data validation started
[ 2024-11-26 10:41:17,543 ] 40 root - INFO - required columns are 31
[ 2024-11-26 10:41:17,544 ] 41 root - INFO - dataframe has columns 31
[ 2024-11-26 10:41:17,544 ] 40 root - INFO - required columns are 31
[ 2024-11-26 10:41:17,544 ] 41 root - INFO - dataframe has columns 31
[ 2024-11-26 10:41:17,742 ] 32 root - INFO - Data validation completed
[ 2024-11-26 10:41:17,743 ] 25 root - INFO - Data Transfomation class is initiated with init constructor
[ 2024-11-26 10:41:17,743 ] 36 root - INFO - Data transformation started
[ 2024-11-26 10:41:17,743 ] 54 root - INFO - Initiate the data transformation with initiate function
[ 2024-11-26 10:41:17,821 ] 62 root - INFO - Input and target columns created for training dataframe
[ 2024-11-26 10:41:17,822 ] 68 root - INFO - Input and target columns craeted for test dataframe
