[ 2024-11-26 22:59:36,325 ] 23 root - INFO - Data Ingestion constructor initaited
[ 2024-11-26 22:59:36,326 ] 23 root - INFO - Data ingestion started
[ 2024-11-26 22:59:36,326 ] 86 root - INFO - Calling data from mongo DB
[ 2024-11-26 22:59:37,678 ] 88 root - INFO - MongoDB data is loaded into to dataframe
[ 2024-11-26 22:59:37,679 ] 89 root - INFO - Raw data saving in featuer store is started
[ 2024-11-26 22:59:37,726 ] 91 root - INFO - Raw data is saved in feature store
[ 2024-11-26 22:59:37,726 ] 92 root - INFO - Train test split started
[ 2024-11-26 22:59:37,776 ] 94 root - INFO - Train test completed and train and test csv's saved in ingested store
[ 2024-11-26 22:59:37,777 ] 98 root - INFO - Train and test file path saved in the artifact
[ 2024-11-26 22:59:37,777 ] 26 root - INFO - Data ingestion Completed
[ 2024-11-26 22:59:37,784 ] 30 root - INFO - Data validation started
[ 2024-11-26 22:59:37,827 ] 40 root - INFO - required columns are 31
[ 2024-11-26 22:59:37,827 ] 41 root - INFO - dataframe has columns 31
[ 2024-11-26 22:59:37,827 ] 40 root - INFO - required columns are 31
[ 2024-11-26 22:59:37,827 ] 41 root - INFO - dataframe has columns 31
[ 2024-11-26 22:59:37,953 ] 33 root - INFO - Data validation completed
[ 2024-11-26 22:59:37,953 ] 25 root - INFO - Data Transfomation class is initiated with init constructor
[ 2024-11-26 22:59:37,953 ] 37 root - INFO - Data transformation started
[ 2024-11-26 22:59:37,953 ] 54 root - INFO - Initiate the data transformation with initiate function
[ 2024-11-26 22:59:37,996 ] 62 root - INFO - Input and target columns created for training dataframe
[ 2024-11-26 22:59:37,997 ] 68 root - INFO - Input and target columns craeted for test dataframe
[ 2024-11-26 22:59:38,007 ] 42 root - INFO - Saving into numpy array
[ 2024-11-26 22:59:38,009 ] 42 root - INFO - Saving into numpy array
[ 2024-11-26 22:59:38,011 ] 53 root - INFO - Preprocessor is saving into pickle object
[ 2024-11-26 22:59:38,014 ] 40 root - INFO - Data transformation completed
[ 2024-11-26 22:59:38,014 ] 45 root - INFO - Model training started
[ 2024-11-26 22:59:38,014 ] 75 root - INFO - Numpy array is loading
[ 2024-11-26 22:59:38,022 ] 75 root - INFO - Numpy array is loading
[ 2024-11-26 23:02:51,932 ] 64 root - INFO - pickle object is loading
[ 2024-11-26 23:02:51,942 ] 53 root - INFO - Preprocessor is saving into pickle object
[ 2024-11-26 23:02:51,963 ] 48 root - INFO - Model training completed
